ARM GAS  /tmp/ccDYRxC8.s 			page 1


   1              		.cpu cortex-m7
   2              		.arch armv7e-m
   3              		.fpu fpv5-d16
   4              		.eabi_attribute 28, 1
   5              		.eabi_attribute 20, 1
   6              		.eabi_attribute 21, 1
   7              		.eabi_attribute 23, 3
   8              		.eabi_attribute 24, 1
   9              		.eabi_attribute 25, 1
  10              		.eabi_attribute 26, 1
  11              		.eabi_attribute 30, 1
  12              		.eabi_attribute 34, 1
  13              		.eabi_attribute 18, 4
  14              		.file	"arm_cos_f32.c"
  15              		.text
  16              	.Ltext0:
  17              		.cfi_sections	.debug_frame
  18              		.file 1 "Drivers/CMSIS_DSP/Source/FastMathFunctions/arm_cos_f32.c"
  19              		.section	.text.arm_cos_f32,"ax",%progbits
  20              		.align	1
  21              		.global	arm_cos_f32
  22              		.syntax unified
  23              		.thumb
  24              		.thumb_func
  26              	arm_cos_f32:
  27              	.LVL0:
  28              	.LFB117:
   1:Drivers/CMSIS_DSP/Source/FastMathFunctions/arm_cos_f32.c **** ﻿/* ----------------------------------------------------------------------
   2:Drivers/CMSIS_DSP/Source/FastMathFunctions/arm_cos_f32.c ****  * Project:      CMSIS DSP Library
   3:Drivers/CMSIS_DSP/Source/FastMathFunctions/arm_cos_f32.c ****  * Title:        arm_cos_f32.c
   4:Drivers/CMSIS_DSP/Source/FastMathFunctions/arm_cos_f32.c ****  * Description:  Fast cosine calculation for floating-point values
   5:Drivers/CMSIS_DSP/Source/FastMathFunctions/arm_cos_f32.c ****  *
   6:Drivers/CMSIS_DSP/Source/FastMathFunctions/arm_cos_f32.c ****  * $Date:        23 April 2021
   7:Drivers/CMSIS_DSP/Source/FastMathFunctions/arm_cos_f32.c ****  * $Revision:    V1.9.0
   8:Drivers/CMSIS_DSP/Source/FastMathFunctions/arm_cos_f32.c ****  *
   9:Drivers/CMSIS_DSP/Source/FastMathFunctions/arm_cos_f32.c ****  * Target Processor: Cortex-M and Cortex-A cores
  10:Drivers/CMSIS_DSP/Source/FastMathFunctions/arm_cos_f32.c ****  * -------------------------------------------------------------------- */
  11:Drivers/CMSIS_DSP/Source/FastMathFunctions/arm_cos_f32.c **** 
  12:Drivers/CMSIS_DSP/Source/FastMathFunctions/arm_cos_f32.c **** /*
  13:Drivers/CMSIS_DSP/Source/FastMathFunctions/arm_cos_f32.c ****  * Copyright (C) 2010-2021 ARM Limited or its affiliates. All rights reserved.
  14:Drivers/CMSIS_DSP/Source/FastMathFunctions/arm_cos_f32.c ****  *
  15:Drivers/CMSIS_DSP/Source/FastMathFunctions/arm_cos_f32.c ****  * SPDX-License-Identifier: Apache-2.0
  16:Drivers/CMSIS_DSP/Source/FastMathFunctions/arm_cos_f32.c ****  *
  17:Drivers/CMSIS_DSP/Source/FastMathFunctions/arm_cos_f32.c ****  * Licensed under the Apache License, Version 2.0 (the License); you may
  18:Drivers/CMSIS_DSP/Source/FastMathFunctions/arm_cos_f32.c ****  * not use this file except in compliance with the License.
  19:Drivers/CMSIS_DSP/Source/FastMathFunctions/arm_cos_f32.c ****  * You may obtain a copy of the License at
  20:Drivers/CMSIS_DSP/Source/FastMathFunctions/arm_cos_f32.c ****  *
  21:Drivers/CMSIS_DSP/Source/FastMathFunctions/arm_cos_f32.c ****  * www.apache.org/licenses/LICENSE-2.0
  22:Drivers/CMSIS_DSP/Source/FastMathFunctions/arm_cos_f32.c ****  *
  23:Drivers/CMSIS_DSP/Source/FastMathFunctions/arm_cos_f32.c ****  * Unless required by applicable law or agreed to in writing, software
  24:Drivers/CMSIS_DSP/Source/FastMathFunctions/arm_cos_f32.c ****  * distributed under the License is distributed on an AS IS BASIS, WITHOUT
  25:Drivers/CMSIS_DSP/Source/FastMathFunctions/arm_cos_f32.c ****  * WARRANTIES OR CONDITIONS OF ANY KIND, either express or implied.
  26:Drivers/CMSIS_DSP/Source/FastMathFunctions/arm_cos_f32.c ****  * See the License for the specific language governing permissions and
  27:Drivers/CMSIS_DSP/Source/FastMathFunctions/arm_cos_f32.c ****  * limitations under the License.
  28:Drivers/CMSIS_DSP/Source/FastMathFunctions/arm_cos_f32.c ****  */
  29:Drivers/CMSIS_DSP/Source/FastMathFunctions/arm_cos_f32.c **** #include "arm_compiler_specific.h"
  30:Drivers/CMSIS_DSP/Source/FastMathFunctions/arm_cos_f32.c **** 
ARM GAS  /tmp/ccDYRxC8.s 			page 2


  31:Drivers/CMSIS_DSP/Source/FastMathFunctions/arm_cos_f32.c **** 
  32:Drivers/CMSIS_DSP/Source/FastMathFunctions/arm_cos_f32.c **** #include "dsp/fast_math_functions.h"
  33:Drivers/CMSIS_DSP/Source/FastMathFunctions/arm_cos_f32.c **** #include "arm_common_tables.h"
  34:Drivers/CMSIS_DSP/Source/FastMathFunctions/arm_cos_f32.c **** 
  35:Drivers/CMSIS_DSP/Source/FastMathFunctions/arm_cos_f32.c **** /**
  36:Drivers/CMSIS_DSP/Source/FastMathFunctions/arm_cos_f32.c ****   @ingroup groupFastMath
  37:Drivers/CMSIS_DSP/Source/FastMathFunctions/arm_cos_f32.c ****  */
  38:Drivers/CMSIS_DSP/Source/FastMathFunctions/arm_cos_f32.c **** 
  39:Drivers/CMSIS_DSP/Source/FastMathFunctions/arm_cos_f32.c **** /**
  40:Drivers/CMSIS_DSP/Source/FastMathFunctions/arm_cos_f32.c ****   @defgroup cos Cosine
  41:Drivers/CMSIS_DSP/Source/FastMathFunctions/arm_cos_f32.c **** 
  42:Drivers/CMSIS_DSP/Source/FastMathFunctions/arm_cos_f32.c ****   Computes the trigonometric cosine function using a combination of table lookup
  43:Drivers/CMSIS_DSP/Source/FastMathFunctions/arm_cos_f32.c ****   and linear interpolation.  There are separate functions for
  44:Drivers/CMSIS_DSP/Source/FastMathFunctions/arm_cos_f32.c ****   Q15, Q31, and floating-point data types.
  45:Drivers/CMSIS_DSP/Source/FastMathFunctions/arm_cos_f32.c ****   The input to the floating-point version is in radians while the
  46:Drivers/CMSIS_DSP/Source/FastMathFunctions/arm_cos_f32.c ****   fixed-point Q15 and Q31 have a scaled input with the range
  47:Drivers/CMSIS_DSP/Source/FastMathFunctions/arm_cos_f32.c ****   [0 +0.9999] mapping to [0 2*pi).  The fixed-point range is chosen so that a
  48:Drivers/CMSIS_DSP/Source/FastMathFunctions/arm_cos_f32.c ****   value of 2*pi wraps around to 0.
  49:Drivers/CMSIS_DSP/Source/FastMathFunctions/arm_cos_f32.c **** 
  50:Drivers/CMSIS_DSP/Source/FastMathFunctions/arm_cos_f32.c ****   The implementation is based on table lookup using 512 values together with linear interpolation.
  51:Drivers/CMSIS_DSP/Source/FastMathFunctions/arm_cos_f32.c ****   The steps used are:
  52:Drivers/CMSIS_DSP/Source/FastMathFunctions/arm_cos_f32.c ****    -# Calculation of the nearest integer table index
  53:Drivers/CMSIS_DSP/Source/FastMathFunctions/arm_cos_f32.c ****    -# Compute the fractional portion (fract) of the table index.
  54:Drivers/CMSIS_DSP/Source/FastMathFunctions/arm_cos_f32.c ****    -# The final result equals <code>(1.0f-fract)*a + fract*b;</code>
  55:Drivers/CMSIS_DSP/Source/FastMathFunctions/arm_cos_f32.c **** 
  56:Drivers/CMSIS_DSP/Source/FastMathFunctions/arm_cos_f32.c ****   where
  57:Drivers/CMSIS_DSP/Source/FastMathFunctions/arm_cos_f32.c ****   <pre>
  58:Drivers/CMSIS_DSP/Source/FastMathFunctions/arm_cos_f32.c ****      a = Table[index];
  59:Drivers/CMSIS_DSP/Source/FastMathFunctions/arm_cos_f32.c ****      b = Table[index+1];
  60:Drivers/CMSIS_DSP/Source/FastMathFunctions/arm_cos_f32.c ****   </pre>
  61:Drivers/CMSIS_DSP/Source/FastMathFunctions/arm_cos_f32.c ****  */
  62:Drivers/CMSIS_DSP/Source/FastMathFunctions/arm_cos_f32.c **** 
  63:Drivers/CMSIS_DSP/Source/FastMathFunctions/arm_cos_f32.c **** /**
  64:Drivers/CMSIS_DSP/Source/FastMathFunctions/arm_cos_f32.c ****   @addtogroup cos
  65:Drivers/CMSIS_DSP/Source/FastMathFunctions/arm_cos_f32.c ****   @{
  66:Drivers/CMSIS_DSP/Source/FastMathFunctions/arm_cos_f32.c ****  */
  67:Drivers/CMSIS_DSP/Source/FastMathFunctions/arm_cos_f32.c **** 
  68:Drivers/CMSIS_DSP/Source/FastMathFunctions/arm_cos_f32.c **** /**
  69:Drivers/CMSIS_DSP/Source/FastMathFunctions/arm_cos_f32.c ****   @brief         Fast approximation to the trigonometric cosine function for floating-point data.
  70:Drivers/CMSIS_DSP/Source/FastMathFunctions/arm_cos_f32.c ****   @param[in]     x  input value in radians
  71:Drivers/CMSIS_DSP/Source/FastMathFunctions/arm_cos_f32.c ****   @return        cos(x)
  72:Drivers/CMSIS_DSP/Source/FastMathFunctions/arm_cos_f32.c ****  */
  73:Drivers/CMSIS_DSP/Source/FastMathFunctions/arm_cos_f32.c **** ARM_DSP_ATTRIBUTE float32_t arm_cos_f32(
  74:Drivers/CMSIS_DSP/Source/FastMathFunctions/arm_cos_f32.c ****   float32_t x)
  75:Drivers/CMSIS_DSP/Source/FastMathFunctions/arm_cos_f32.c **** {
  29              		.loc 1 75 1 view -0
  30              		.cfi_startproc
  31              		@ args = 0, pretend = 0, frame = 0
  32              		@ frame_needed = 0, uses_anonymous_args = 0
  33              		@ link register save eliminated.
  76:Drivers/CMSIS_DSP/Source/FastMathFunctions/arm_cos_f32.c ****   float32_t cosVal, fract, in;                   /* Temporary input, output variables */
  34              		.loc 1 76 3 view .LVU1
  77:Drivers/CMSIS_DSP/Source/FastMathFunctions/arm_cos_f32.c ****   uint16_t index;                                /* Index variable */
  35              		.loc 1 77 3 view .LVU2
  78:Drivers/CMSIS_DSP/Source/FastMathFunctions/arm_cos_f32.c ****   float32_t a, b;                                /* Two nearest output values */
  36              		.loc 1 78 3 view .LVU3
  79:Drivers/CMSIS_DSP/Source/FastMathFunctions/arm_cos_f32.c ****   int32_t n;
ARM GAS  /tmp/ccDYRxC8.s 			page 3


  37              		.loc 1 79 3 view .LVU4
  80:Drivers/CMSIS_DSP/Source/FastMathFunctions/arm_cos_f32.c ****   float32_t findex;
  38              		.loc 1 80 3 view .LVU5
  81:Drivers/CMSIS_DSP/Source/FastMathFunctions/arm_cos_f32.c **** 
  82:Drivers/CMSIS_DSP/Source/FastMathFunctions/arm_cos_f32.c ****   /* input x is in radians */
  83:Drivers/CMSIS_DSP/Source/FastMathFunctions/arm_cos_f32.c ****   /* Scale input to [0 1] range from [0 2*PI] , divide input by 2*pi, add 0.25 (pi/2) to read sine 
  84:Drivers/CMSIS_DSP/Source/FastMathFunctions/arm_cos_f32.c ****   in = x * 0.159154943092f + 0.25f;
  39              		.loc 1 84 3 view .LVU6
  40              		.loc 1 84 10 is_stmt 0 view .LVU7
  41 0000 DFED227A 		vldr.32	s15, .L7
  42 0004 20EE270A 		vmul.f32	s0, s0, s15
  43              	.LVL1:
  44              		.loc 1 84 6 view .LVU8
  45 0008 F5EE007A 		vmov.f32	s15, #2.5e-1
  46 000c 30EE270A 		vadd.f32	s0, s0, s15
  47              	.LVL2:
  85:Drivers/CMSIS_DSP/Source/FastMathFunctions/arm_cos_f32.c **** 
  86:Drivers/CMSIS_DSP/Source/FastMathFunctions/arm_cos_f32.c ****   /* Calculation of floor value of input */
  87:Drivers/CMSIS_DSP/Source/FastMathFunctions/arm_cos_f32.c ****   n = (int32_t) in;
  48              		.loc 1 87 3 is_stmt 1 view .LVU9
  49              		.loc 1 87 5 is_stmt 0 view .LVU10
  50 0010 FDEEC07A 		vcvt.s32.f32	s15, s0
  51              	.LVL3:
  88:Drivers/CMSIS_DSP/Source/FastMathFunctions/arm_cos_f32.c **** 
  89:Drivers/CMSIS_DSP/Source/FastMathFunctions/arm_cos_f32.c ****   /* Make negative values towards -infinity */
  90:Drivers/CMSIS_DSP/Source/FastMathFunctions/arm_cos_f32.c ****   if (in < 0.0f)
  52              		.loc 1 90 3 is_stmt 1 view .LVU11
  53              		.loc 1 90 6 is_stmt 0 view .LVU12
  54 0014 B5EEC00A 		vcmpe.f32	s0, #0
  55 0018 F1EE10FA 		vmrs	APSR_nzcv, FPSCR
  56 001c 2FD4     		bmi	.L6
  57              	.LVL4:
  58              	.L2:
  91:Drivers/CMSIS_DSP/Source/FastMathFunctions/arm_cos_f32.c ****   {
  92:Drivers/CMSIS_DSP/Source/FastMathFunctions/arm_cos_f32.c ****     n--;
  93:Drivers/CMSIS_DSP/Source/FastMathFunctions/arm_cos_f32.c ****   }
  94:Drivers/CMSIS_DSP/Source/FastMathFunctions/arm_cos_f32.c **** 
  95:Drivers/CMSIS_DSP/Source/FastMathFunctions/arm_cos_f32.c ****   /* Map input value to [0 1] */
  96:Drivers/CMSIS_DSP/Source/FastMathFunctions/arm_cos_f32.c ****   in = in - (float32_t) n;
  59              		.loc 1 96 3 is_stmt 1 view .LVU13
  60              		.loc 1 96 13 is_stmt 0 view .LVU14
  61 001e F8EEE77A 		vcvt.f32.s32	s15, s15
  62              	.LVL5:
  63              		.loc 1 96 6 view .LVU15
  64 0022 30EE670A 		vsub.f32	s0, s0, s15
  65              	.LVL6:
  97:Drivers/CMSIS_DSP/Source/FastMathFunctions/arm_cos_f32.c **** 
  98:Drivers/CMSIS_DSP/Source/FastMathFunctions/arm_cos_f32.c ****   /* Calculation of index of the table */
  99:Drivers/CMSIS_DSP/Source/FastMathFunctions/arm_cos_f32.c ****   findex = (float32_t)FAST_MATH_TABLE_SIZE * in;
  66              		.loc 1 99 3 is_stmt 1 view .LVU16
  67              		.loc 1 99 10 is_stmt 0 view .LVU17
  68 0026 DFED1A7A 		vldr.32	s15, .L7+4
  69 002a 20EE270A 		vmul.f32	s0, s0, s15
  70              	.LVL7:
 100:Drivers/CMSIS_DSP/Source/FastMathFunctions/arm_cos_f32.c ****   index = (uint16_t)findex;
  71              		.loc 1 100 3 is_stmt 1 view .LVU18
  72              		.loc 1 100 9 is_stmt 0 view .LVU19
ARM GAS  /tmp/ccDYRxC8.s 			page 4


  73 002e FCEEC07A 		vcvt.u32.f32	s15, s0
  74 0032 17EE903A 		vmov	r3, s15	@ int
  75 0036 9BB2     		uxth	r3, r3
  76              	.LVL8:
 101:Drivers/CMSIS_DSP/Source/FastMathFunctions/arm_cos_f32.c **** 
 102:Drivers/CMSIS_DSP/Source/FastMathFunctions/arm_cos_f32.c ****   /* when "in" is exactly 1, we need to rotate the index down to 0 */
 103:Drivers/CMSIS_DSP/Source/FastMathFunctions/arm_cos_f32.c ****   if (index >= FAST_MATH_TABLE_SIZE) {
  77              		.loc 1 103 3 is_stmt 1 view .LVU20
  78              		.loc 1 103 6 is_stmt 0 view .LVU21
  79 0038 B3F5007F 		cmp	r3, #512
  80 003c 04D3     		bcc	.L4
 104:Drivers/CMSIS_DSP/Source/FastMathFunctions/arm_cos_f32.c ****     index = 0;
  81              		.loc 1 104 5 is_stmt 1 view .LVU22
  82              	.LVL9:
 105:Drivers/CMSIS_DSP/Source/FastMathFunctions/arm_cos_f32.c ****     findex -= (float32_t)FAST_MATH_TABLE_SIZE;
  83              		.loc 1 105 5 view .LVU23
  84              		.loc 1 105 12 is_stmt 0 view .LVU24
  85 003e DFED147A 		vldr.32	s15, .L7+4
  86 0042 30EE670A 		vsub.f32	s0, s0, s15
  87              	.LVL10:
 104:Drivers/CMSIS_DSP/Source/FastMathFunctions/arm_cos_f32.c ****     index = 0;
  88              		.loc 1 104 11 view .LVU25
  89 0046 0023     		movs	r3, #0
  90              	.LVL11:
  91              	.L4:
 106:Drivers/CMSIS_DSP/Source/FastMathFunctions/arm_cos_f32.c ****   }
 107:Drivers/CMSIS_DSP/Source/FastMathFunctions/arm_cos_f32.c **** 
 108:Drivers/CMSIS_DSP/Source/FastMathFunctions/arm_cos_f32.c ****   /* fractional value calculation */
 109:Drivers/CMSIS_DSP/Source/FastMathFunctions/arm_cos_f32.c ****   fract = findex - (float32_t) index;
  92              		.loc 1 109 3 is_stmt 1 view .LVU26
  93              		.loc 1 109 20 is_stmt 0 view .LVU27
  94 0048 07EE903A 		vmov	s15, r3	@ int
  95 004c F8EE677A 		vcvt.f32.u32	s15, s15
  96              		.loc 1 109 9 view .LVU28
  97 0050 70EE677A 		vsub.f32	s15, s0, s15
  98              	.LVL12:
 110:Drivers/CMSIS_DSP/Source/FastMathFunctions/arm_cos_f32.c **** 
 111:Drivers/CMSIS_DSP/Source/FastMathFunctions/arm_cos_f32.c ****   /* Read two nearest values of input value from the cos table */
 112:Drivers/CMSIS_DSP/Source/FastMathFunctions/arm_cos_f32.c ****   a = sinTable_f32[index];
  99              		.loc 1 112 3 is_stmt 1 view .LVU29
 100              		.loc 1 112 5 is_stmt 0 view .LVU30
 101 0054 0F4A     		ldr	r2, .L7+8
 102 0056 02EB8301 		add	r1, r2, r3, lsl #2
 103 005a 91ED006A 		vldr.32	s12, [r1]
 104              	.LVL13:
 113:Drivers/CMSIS_DSP/Source/FastMathFunctions/arm_cos_f32.c ****   b = sinTable_f32[index+1];
 105              		.loc 1 113 3 is_stmt 1 view .LVU31
 106              		.loc 1 113 25 is_stmt 0 view .LVU32
 107 005e 0133     		adds	r3, r3, #1
 108              	.LVL14:
 109              		.loc 1 113 5 view .LVU33
 110 0060 02EB8302 		add	r2, r2, r3, lsl #2
 111 0064 D2ED006A 		vldr.32	s13, [r2]
 112              	.LVL15:
 114:Drivers/CMSIS_DSP/Source/FastMathFunctions/arm_cos_f32.c **** 
 115:Drivers/CMSIS_DSP/Source/FastMathFunctions/arm_cos_f32.c ****   /* Linear interpolation process */
 116:Drivers/CMSIS_DSP/Source/FastMathFunctions/arm_cos_f32.c ****   cosVal = (1.0f - fract) * a + fract * b;
ARM GAS  /tmp/ccDYRxC8.s 			page 5


 113              		.loc 1 116 3 is_stmt 1 view .LVU34
 114              		.loc 1 116 18 is_stmt 0 view .LVU35
 115 0068 B7EE007A 		vmov.f32	s14, #1.0e+0
 116 006c 37EE677A 		vsub.f32	s14, s14, s15
 117              		.loc 1 116 27 view .LVU36
 118 0070 27EE067A 		vmul.f32	s14, s14, s12
 119              		.loc 1 116 39 view .LVU37
 120 0074 27EEA60A 		vmul.f32	s0, s15, s13
 121              	.LVL16:
 117:Drivers/CMSIS_DSP/Source/FastMathFunctions/arm_cos_f32.c **** 
 118:Drivers/CMSIS_DSP/Source/FastMathFunctions/arm_cos_f32.c ****   /* Return output value */
 119:Drivers/CMSIS_DSP/Source/FastMathFunctions/arm_cos_f32.c ****   return (cosVal);
 122              		.loc 1 119 3 is_stmt 1 view .LVU38
 120:Drivers/CMSIS_DSP/Source/FastMathFunctions/arm_cos_f32.c **** }
 123              		.loc 1 120 1 is_stmt 0 view .LVU39
 124 0078 37EE000A 		vadd.f32	s0, s14, s0
 125              	.LVL17:
 126              		.loc 1 120 1 view .LVU40
 127 007c 7047     		bx	lr
 128              	.LVL18:
 129              	.L6:
  92:Drivers/CMSIS_DSP/Source/FastMathFunctions/arm_cos_f32.c ****   }
 130              		.loc 1 92 5 is_stmt 1 view .LVU41
  92:Drivers/CMSIS_DSP/Source/FastMathFunctions/arm_cos_f32.c ****   }
 131              		.loc 1 92 6 is_stmt 0 view .LVU42
 132 007e 17EE903A 		vmov	r3, s15	@ int
 133 0082 013B     		subs	r3, r3, #1
 134 0084 07EE903A 		vmov	s15, r3	@ int
 135              	.LVL19:
  92:Drivers/CMSIS_DSP/Source/FastMathFunctions/arm_cos_f32.c ****   }
 136              		.loc 1 92 6 view .LVU43
 137 0088 C9E7     		b	.L2
 138              	.L8:
 139 008a 00BF     		.align	2
 140              	.L7:
 141 008c 83F9223E 		.word	1042479491
 142 0090 00000044 		.word	1140850688
 143 0094 00000000 		.word	sinTable_f32
 144              		.cfi_endproc
 145              	.LFE117:
 147              		.text
 148              	.Letext0:
 149              		.file 2 "/usr/arm-none-eabi/include/machine/_default_types.h"
 150              		.file 3 "/usr/arm-none-eabi/include/sys/_stdint.h"
 151              		.file 4 "Drivers/CMSIS_DSP/Include/arm_math_types.h"
 152              		.file 5 "Drivers/CMSIS_DSP/Include/arm_common_tables.h"
ARM GAS  /tmp/ccDYRxC8.s 			page 6


DEFINED SYMBOLS
                            *ABS*:00000000 arm_cos_f32.c
     /tmp/ccDYRxC8.s:20     .text.arm_cos_f32:00000000 $t
     /tmp/ccDYRxC8.s:26     .text.arm_cos_f32:00000000 arm_cos_f32
     /tmp/ccDYRxC8.s:141    .text.arm_cos_f32:0000008c $d

UNDEFINED SYMBOLS
sinTable_f32
