ARM GAS  C:\Users\frees\AppData\Local\Temp\ccE8dMKk.s 			page 1


   1              		.cpu cortex-m7
   2              		.arch armv7e-m
   3              		.fpu fpv5-d16
   4              		.eabi_attribute 28, 1
   5              		.eabi_attribute 20, 1
   6              		.eabi_attribute 21, 1
   7              		.eabi_attribute 23, 3
   8              		.eabi_attribute 24, 1
   9              		.eabi_attribute 25, 1
  10              		.eabi_attribute 26, 1
  11              		.eabi_attribute 30, 1
  12              		.eabi_attribute 34, 1
  13              		.eabi_attribute 18, 4
  14              		.file	"freertos.c"
  15              		.text
  16              	.Ltext0:
  17              		.cfi_sections	.debug_frame
  18              		.file 1 "Core/Src/freertos.c"
  19              	.Letext0:
  20              		.file 2 "C:\\ST\\STM32CubeIDE_1.19.0\\STM32CubeIDE\\plugins\\com.st.stm32cube.ide.mcu.externaltool
  21              		.file 3 "C:\\ST\\STM32CubeIDE_1.19.0\\STM32CubeIDE\\plugins\\com.st.stm32cube.ide.mcu.externaltool
  22              		.file 4 "Drivers/STM32F7xx_HAL_Driver/Inc/stm32f7xx_ll_rcc.h"
  23              		.file 5 "Drivers/STM32F7xx_HAL_Driver/Inc/stm32f7xx_ll_dma.h"
ARM GAS  C:\Users\frees\AppData\Local\Temp\ccE8dMKk.s 			page 2


DEFINED SYMBOLS
                            *ABS*:00000000 freertos.c

NO UNDEFINED SYMBOLS
